<?xml version="1.0" encoding="UTF-8"?>
<!-- Generated by org.testng.reporters.JUnitReportReporter -->
<testsuite hostname="kelwajiAspire" failures="0" tests="1" name="com.api.test.UpdateProfileTest" time="3.998" errors="0" timestamp="2024-12-08T12:13:14 IST" skipped="0">
  <testcase classname="com.api.test.UpdateProfileTest" name="updateProfileTest" time="3.998"/>
</testsuite> <!-- com.api.test.UpdateProfileTest -->
