<?xml version="1.0" encoding="UTF-8"?>
<!-- Generated by org.testng.reporters.JUnitReportReporter -->
<testsuite hostname="kelwajiAspire" failures="0" tests="1" name="com.api.test.GetProfileRequestTest" time="2.962" errors="0" timestamp="2024-12-08T12:12:26 IST" skipped="0">
  <testcase classname="com.api.test.GetProfileRequestTest" name="getProfileInfoTest" time="2.962"/>
</testsuite> <!-- com.api.test.GetProfileRequestTest -->
