<?xml version="1.0" encoding="UTF-8"?>
<!-- Generated by org.testng.reporters.JUnitReportReporter -->
<testsuite hostname="kelwajiAspire" failures="0" tests="1" name="com.api.test.LoginAPITest3" time="1.865" errors="0" timestamp="2024-12-05T19:08:22 IST" skipped="0">
  <testcase classname="com.api.test.LoginAPITest3" name="loginTest" time="1.865"/>
</testsuite> <!-- com.api.test.LoginAPITest3 -->
