<?xml version="1.0" encoding="UTF-8"?>
<!-- Generated by org.testng.reporters.JUnitReportReporter -->
<testsuite hostname="kelwajiAspire" failures="0" tests="1" name="com.api.test.LoginAPITest" time="1.385" errors="0" timestamp="2024-12-01T11:15:51 IST" skipped="0">
  <testcase classname="com.api.test.LoginAPITest" name="LoginTest" time="1.385"/>
</testsuite> <!-- com.api.test.LoginAPITest -->
