<?xml version="1.0" encoding="UTF-8"?>
<!-- Generated by org.testng.reporters.JUnitReportReporter -->
<testsuite hostname="kelwajiAspire" failures="0" tests="1" name="com.api.test.ForgotPasswordTest" time="2.056" errors="0" timestamp="2024-12-05T18:30:36 IST" skipped="0">
  <testcase classname="com.api.test.ForgotPasswordTest" name="ForgotPasswordTest" time="2.056"/>
</testsuite> <!-- com.api.test.ForgotPasswordTest -->
